[INFO ] 2021-03-13 21:20:24,380 com.controller.LoginController - 用户输入的密码：A27A102A904F1421FC046FD3CEDDF759
[INFO ] 2021-03-13 21:21:40,514 com.controller.LoginController - 用户输入的密码：A27A102A904F1421FC046FD3CEDDF759
[INFO ] 2021-04-07 15:34:48,289 com.controller.LoginController - 用户输入的密码：A27A102A904F1421FC046FD3CEDDF759
[INFO ] 2021-04-07 15:35:13,658 com.controller.LoginController - 用户输入的密码：A27A102A904F1421FC046FD3CEDDF759
[INFO ] 2021-04-07 15:41:40,938 com.controller.LoginController - 用户输入的密码：A27A102A904F1421FC046FD3CEDDF759
[INFO ] 2021-04-07 15:42:39,041 com.controller.LoginController - 用户输入的密码：A27A102A904F1421FC046FD3CEDDF759
[INFO ] 2021-04-07 16:12:14,350 com.controller.LoginController - 用户输入的密码：A27A102A904F1421FC046FD3CEDDF759
[INFO ] 2021-04-07 16:12:47,720 com.controller.LoginController - 用户输入的密码：A27A102A904F1421FC046FD3CEDDF759
[INFO ] 2021-04-07 16:13:15,991 com.controller.LoginController - 用户输入的密码：A27A102A904F1421FC046FD3CEDDF759
[INFO ] 2021-04-07 16:13:24,207 com.controller.LoginController - 用户输入的密码：A27A102A904F1421FC046FD3CEDDF759
[INFO ] 2021-04-07 16:13:31,008 com.controller.LoginController - 用户输入的密码：A27A102A904F1421FC046FD3CEDDF759
[INFO ] 2021-04-07 16:13:40,039 com.controller.LoginController - 用户输入的密码：A27A102A904F1421FC046FD3CEDDF759
[INFO ] 2021-04-07 16:14:02,087 com.controller.LoginController - 用户输入的密码：A27A102A904F1421FC046FD3CEDDF759
[INFO ] 2021-04-07 16:14:50,131 com.controller.LoginController - 用户输入的密码：A27A102A904F1421FC046FD3CEDDF759
[INFO ] 2021-04-07 16:15:07,279 com.controller.LoginController - 用户输入的密码：A27A102A904F1421FC046FD3CEDDF759
[INFO ] 2021-04-07 16:15:19,911 com.controller.LoginController - 用户输入的密码：A27A102A904F1421FC046FD3CEDDF759
[INFO ] 2021-04-07 16:16:02,005 com.controller.LoginController - 用户输入的密码：A27A102A904F1421FC046FD3CEDDF759
[INFO ] 2021-04-07 16:31:27,541 com.controller.LoginController - 用户输入的密码：A27A102A904F1421FC046FD3CEDDF759
[INFO ] 2021-04-07 16:34:14,043 com.controller.LoginController - 用户输入的密码：A27A102A904F1421FC046FD3CEDDF759
[INFO ] 2021-04-07 16:34:23,099 com.controller.LoginController - 用户输入的密码：A27A102A904F1421FC046FD3CEDDF759
[INFO ] 2021-04-07 16:34:52,600 com.controller.LoginController - 用户输入的密码：A27A102A904F1421FC046FD3CEDDF759
[INFO ] 2021-04-07 16:35:02,884 com.controller.LoginController - 用户输入的密码：A27A102A904F1421FC046FD3CEDDF759
[INFO ] 2021-04-07 16:36:54,679 com.controller.LoginController - 用户输入的密码：A27A102A904F1421FC046FD3CEDDF759
[INFO ] 2021-04-07 16:37:26,546 com.controller.LoginController - 用户输入的密码：A27A102A904F1421FC046FD3CEDDF759
[INFO ] 2021-04-07 16:45:06,880 com.controller.LoginController - 用户输入的密码：A27A102A904F1421FC046FD3CEDDF759
[INFO ] 2021-04-07 16:45:19,927 com.controller.LoginController - 用户输入的密码：A27A102A904F1421FC046FD3CEDDF759
[INFO ] 2021-04-07 17:22:27,073 com.controller.LoginController - 用户输入的密码：A27A102A904F1421FC046FD3CEDDF759
[INFO ] 2021-04-07 17:22:42,650 com.controller.LoginController - 用户输入的密码：A27A102A904F1421FC046FD3CEDDF759
[INFO ] 2021-04-07 17:23:50,213 com.controller.LoginController - 用户输入的密码：A27A102A904F1421FC046FD3CEDDF759
[INFO ] 2021-04-07 17:32:29,336 com.controller.LoginController - 用户输入的密码：A27A102A904F1421FC046FD3CEDDF759
[INFO ] 2021-04-07 17:32:47,482 com.controller.LoginController - 用户输入的密码：A27A102A904F1421FC046FD3CEDDF759
[INFO ] 2021-04-07 17:33:53,927 com.controller.LoginController - 用户输入的密码：A27A102A904F1421FC046FD3CEDDF759
[INFO ] 2021-04-07 17:45:50,059 com.controller.LoginController - 用户输入的密码：A27A102A904F1421FC046FD3CEDDF759
[INFO ] 2021-04-07 17:49:39,933 com.controller.LoginController - 用户输入的密码：A27A102A904F1421FC046FD3CEDDF759
[INFO ] 2021-04-08 14:08:49,260 com.controller.LoginController - 用户输入的密码：A27A102A904F1421FC046FD3CEDDF759
[INFO ] 2021-04-08 14:43:08,564 com.controller.LoginController - 用户输入的密码：A27A102A904F1421FC046FD3CEDDF759
[INFO ] 2021-04-08 15:08:36,817 com.controller.LoginController - 用户输入的密码：A27A102A904F1421FC046FD3CEDDF759
[INFO ] 2021-04-08 15:11:29,013 com.controller.LoginController - 用户输入的密码：A27A102A904F1421FC046FD3CEDDF759
[INFO ] 2021-04-08 15:13:08,905 com.controller.LoginController - 用户输入的密码：A27A102A904F1421FC046FD3CEDDF759
[INFO ] 2021-04-08 15:26:53,578 com.controller.UploadController - org.springframework.web.multipart.support.StandardMultipartHttpServletRequest$StandardMultipartFile@240b0fba
[INFO ] 2021-04-08 15:29:35,437 com.controller.UploadController - org.springframework.web.multipart.support.StandardMultipartHttpServletRequest$StandardMultipartFile@64217d4f
[INFO ] 2021-04-08 15:29:36,450 com.controller.UploadController - {code=0, data={src=http://www.ys99.top:9000/story/web/a3a1a90a965f4382a3c562c6153e7ca8.png}, message=上传成功!}
[INFO ] 2021-04-08 15:40:31,905 com.controller.UploadController - org.springframework.web.multipart.support.StandardMultipartHttpServletRequest$StandardMultipartFile@3ef64630
[INFO ] 2021-04-08 15:40:32,052 com.controller.UploadController - {code=0, data={src=http://www.ys99.top:9000/story/web/6f98b63e9ffc490c8b23ffc2bb102961.png}, message=上传成功!}
[INFO ] 2021-04-08 15:44:20,016 com.controller.LoginController - 用户输入的密码：A27A102A904F1421FC046FD3CEDDF759
[INFO ] 2021-04-08 15:44:24,248 com.controller.LoginController - 用户输入的密码：A27A102A904F1421FC046FD3CEDDF759
[INFO ] 2021-04-08 15:49:10,983 com.controller.LoginController - 用户输入的密码：A27A102A904F1421FC046FD3CEDDF759
[INFO ] 2021-04-08 15:49:13,311 com.controller.LoginController - 用户输入的密码：A27A102A904F1421FC046FD3CEDDF759
[INFO ] 2021-04-08 15:49:33,396 com.controller.LoginController - 用户输入的密码：A27A102A904F1421FC046FD3CEDDF759
[INFO ] 2021-04-09 14:01:38,320 com.controller.LoginController - 用户输入的密码：A27A102A904F1421FC046FD3CEDDF759
[INFO ] 2021-04-10 14:06:44,896 com.controller.LoginController - 用户输入的密码：A27A102A904F1421FC046FD3CEDDF759
[INFO ] 2021-04-10 14:06:52,855 com.controller.LoginController - 用户输入的密码：A27A102A904F1421FC046FD3CEDDF759
[INFO ] 2021-04-10 14:10:25,986 com.controller.LoginController - 用户输入的密码：A27A102A904F1421FC046FD3CEDDF759
[INFO ] 2021-04-10 14:10:32,565 com.controller.LoginController - 用户输入的密码：A27A102A904F1421FC046FD3CEDDF759
[INFO ] 2021-04-10 17:04:15,776 com.controller.LoginController - 用户输入的密码：A27A102A904F1421FC046FD3CEDDF759
[INFO ] 2021-04-10 17:04:31,501 com.controller.LoginController - 用户输入的密码：A27A102A904F1421FC046FD3CEDDF759
[INFO ] 2021-04-10 17:14:20,744 com.controller.LoginController - 用户输入的密码：A27A102A904F1421FC046FD3CEDDF759
[INFO ] 2021-04-10 17:15:02,971 com.controller.LoginController - 用户输入的密码：A27A102A904F1421FC046FD3CEDDF759
[INFO ] 2021-04-10 17:15:12,673 com.controller.LoginController - 用户输入的密码：A27A102A904F1421FC046FD3CEDDF759
[INFO ] 2021-04-10 21:15:57,866 com.controller.LoginController - 用户输入的密码：A27A102A904F1421FC046FD3CEDDF759
[INFO ] 2021-04-10 21:16:02,215 com.controller.LoginController - 用户输入的密码：A27A102A904F1421FC046FD3CEDDF759
[INFO ] 2021-04-13 10:38:45,024 com.controller.LoginController - 用户输入的密码：A27A102A904F1421FC046FD3CEDDF759
[INFO ] 2021-04-13 10:38:52,199 com.controller.LoginController - 用户输入的密码：936B7A3B84B5A480E3AC0E1E52CCC3ED
[INFO ] 2021-04-13 10:38:55,814 com.controller.LoginController - 用户输入的密码：A27A102A904F1421FC046FD3CEDDF759
[INFO ] 2021-04-13 10:39:48,630 com.controller.LoginController - 用户输入的密码：22D8D56B4A41176DED2F46706966925D
[INFO ] 2021-04-13 10:39:54,214 com.controller.LoginController - 用户输入的密码：22D8D56B4A41176DED2F46706966925D
[INFO ] 2021-04-13 10:39:55,733 com.controller.LoginController - 用户输入的密码：A27A102A904F1421FC046FD3CEDDF759
[INFO ] 2021-04-13 10:40:26,110 com.controller.LoginController - 用户输入的密码：A27A102A904F1421FC046FD3CEDDF759
[INFO ] 2021-04-13 10:40:29,717 com.controller.LoginController - 用户输入的密码：A27A102A904F1421FC046FD3CEDDF759
[INFO ] 2021-04-13 10:41:22,542 com.controller.LoginController - 用户输入的密码：A27A102A904F1421FC046FD3CEDDF759
[INFO ] 2021-04-13 10:41:27,909 com.controller.LoginController - 用户输入的密码：A27A102A904F1421FC046FD3CEDDF759
[INFO ] 2021-04-13 10:42:01,750 com.controller.LoginController - 用户输入的密码：A27A102A904F1421FC046FD3CEDDF759
[INFO ] 2021-04-13 10:43:49,311 com.controller.LoginController - 用户输入的密码：A27A102A904F1421FC046FD3CEDDF759
[INFO ] 2021-04-13 10:50:26,947 com.controller.LoginController - 用户输入的密码：A27A102A904F1421FC046FD3CEDDF759
[INFO ] 2021-04-13 11:39:59,172 com.controller.LoginController - 用户输入的密码：A27A102A904F1421FC046FD3CEDDF759
[INFO ] 2021-04-13 14:32:10,932 com.controller.LoginController - 用户输入的密码：A27A102A904F1421FC046FD3CEDDF759
[INFO ] 2021-04-14 09:49:35,214 com.controller.LoginController - 用户输入的密码：A27A102A904F1421FC046FD3CEDDF759
[INFO ] 2021-04-14 10:58:57,962 com.controller.LoginController - 用户输入的密码：A27A102A904F1421FC046FD3CEDDF759
[INFO ] 2021-04-14 11:10:55,844 com.controller.LoginController - 用户输入的密码：A27A102A904F1421FC046FD3CEDDF759
[INFO ] 2021-04-14 11:42:38,104 com.controller.LoginController - 用户输入的密码：A27A102A904F1421FC046FD3CEDDF759
[INFO ] 2021-04-14 11:47:42,981 com.controller.LoginController - 用户输入的密码：A27A102A904F1421FC046FD3CEDDF759
[INFO ] 2021-04-14 11:48:26,033 com.controller.LoginController - 用户输入的密码：A27A102A904F1421FC046FD3CEDDF759
[INFO ] 2021-04-14 11:53:08,016 com.controller.LoginController - 用户输入的密码：A27A102A904F1421FC046FD3CEDDF759
[INFO ] 2021-04-14 11:53:59,206 com.controller.LoginController - 用户输入的密码：A27A102A904F1421FC046FD3CEDDF759
[INFO ] 2021-04-14 11:57:39,728 com.controller.LoginController - 用户输入的密码：A27A102A904F1421FC046FD3CEDDF759
[INFO ] 2021-04-14 12:02:05,032 com.controller.LoginController - 用户输入的密码：A27A102A904F1421FC046FD3CEDDF759
[INFO ] 2021-04-14 12:17:06,459 com.controller.LoginController - 用户输入的密码：A27A102A904F1421FC046FD3CEDDF759
[INFO ] 2021-04-14 12:19:17,941 com.controller.LoginController - 用户输入的密码：A27A102A904F1421FC046FD3CEDDF759
[INFO ] 2021-04-14 12:22:11,651 com.controller.LoginController - 用户输入的密码：A27A102A904F1421FC046FD3CEDDF759
[INFO ] 2021-04-14 12:22:34,874 com.controller.LoginController - 用户输入的密码：A27A102A904F1421FC046FD3CEDDF759
[INFO ] 2021-04-14 12:24:15,770 com.controller.LoginController - 用户输入的密码：A27A102A904F1421FC046FD3CEDDF759
[INFO ] 2021-04-15 10:40:12,301 com.controller.LoginController - 用户输入的密码：A27A102A904F1421FC046FD3CEDDF759
[INFO ] 2021-04-15 10:40:47,187 com.controller.LoginController - 用户输入的密码：A27A102A904F1421FC046FD3CEDDF759
[INFO ] 2021-04-15 10:53:48,574 com.controller.LoginController - 用户输入的密码：A27A102A904F1421FC046FD3CEDDF759
[INFO ] 2021-04-15 10:59:57,019 com.controller.LoginController - 用户输入的密码：A27A102A904F1421FC046FD3CEDDF759
[INFO ] 2021-04-15 11:01:44,588 com.controller.LoginController - 用户输入的密码：A27A102A904F1421FC046FD3CEDDF759
[INFO ] 2021-04-15 11:02:26,805 com.controller.LoginController - 用户输入的密码：A27A102A904F1421FC046FD3CEDDF759
[INFO ] 2021-04-15 11:03:19,099 com.controller.LoginController - 用户输入的密码：A27A102A904F1421FC046FD3CEDDF759
[INFO ] 2021-04-15 11:07:49,541 com.controller.LoginController - 用户输入的密码：A27A102A904F1421FC046FD3CEDDF759
[INFO ] 2021-04-15 11:09:21,937 com.controller.LoginController - 用户输入的密码：A27A102A904F1421FC046FD3CEDDF759
[INFO ] 2021-04-15 11:09:42,355 com.controller.LoginController - 用户输入的密码：A27A102A904F1421FC046FD3CEDDF759
[INFO ] 2021-04-15 11:10:23,082 com.controller.LoginController - 用户输入的密码：A27A102A904F1421FC046FD3CEDDF759
[INFO ] 2021-04-15 11:19:21,952 com.controller.LoginController - 用户输入的密码：A27A102A904F1421FC046FD3CEDDF759
[INFO ] 2021-04-15 11:19:26,476 com.controller.LoginController - 用户输入的密码：A27A102A904F1421FC046FD3CEDDF759
[INFO ] 2021-04-15 11:19:27,429 com.controller.LoginController - 用户输入的密码：A27A102A904F1421FC046FD3CEDDF759
[INFO ] 2021-04-15 11:19:27,691 com.controller.LoginController - 用户输入的密码：A27A102A904F1421FC046FD3CEDDF759
[INFO ] 2021-04-15 11:19:57,961 com.controller.LoginController - 用户输入的密码：A27A102A904F1421FC046FD3CEDDF759
[INFO ] 2021-04-15 11:20:09,677 com.controller.LoginController - 用户输入的密码：A27A102A904F1421FC046FD3CEDDF759
[INFO ] 2021-04-15 11:22:48,965 com.controller.LoginController - 用户输入的密码：A27A102A904F1421FC046FD3CEDDF759
[INFO ] 2021-04-15 11:36:30,645 com.controller.LoginController - 用户输入的密码：A27A102A904F1421FC046FD3CEDDF759
[INFO ] 2021-04-15 13:51:33,989 com.controller.LoginController - 用户输入的密码：A27A102A904F1421FC046FD3CEDDF759
[INFO ] 2021-04-15 13:51:56,924 com.controller.LoginController - 用户输入的密码：A27A102A904F1421FC046FD3CEDDF759
[INFO ] 2021-04-15 13:56:49,866 com.controller.LoginController - 用户输入的密码：A27A102A904F1421FC046FD3CEDDF759
[INFO ] 2021-04-16 09:59:38,226 com.controller.LoginController - 用户输入的密码：A27A102A904F1421FC046FD3CEDDF759
[INFO ] 2021-04-16 10:03:35,702 com.controller.LoginController - 用户输入的密码：A27A102A904F1421FC046FD3CEDDF759
[INFO ] 2021-04-16 10:05:44,375 com.controller.LoginController - 用户输入的密码：A27A102A904F1421FC046FD3CEDDF759
[INFO ] 2021-04-16 10:06:46,440 com.controller.LoginController - 用户输入的密码：A27A102A904F1421FC046FD3CEDDF759
[INFO ] 2021-04-16 10:18:08,296 com.controller.LoginController - 用户输入的密码：A27A102A904F1421FC046FD3CEDDF759
[INFO ] 2021-04-16 10:41:30,359 com.controller.LoginController - 用户输入的密码：A27A102A904F1421FC046FD3CEDDF759
[INFO ] 2021-04-16 10:42:12,865 com.controller.LoginController - 用户输入的密码：A27A102A904F1421FC046FD3CEDDF759
[INFO ] 2021-04-16 10:43:24,153 com.controller.LoginController - 用户输入的密码：A27A102A904F1421FC046FD3CEDDF759
[INFO ] 2021-04-16 10:44:38,876 com.controller.LoginController - 用户输入的密码：A27A102A904F1421FC046FD3CEDDF759
[INFO ] 2021-04-16 10:46:31,462 com.controller.LoginController - 用户输入的密码：A27A102A904F1421FC046FD3CEDDF759
[INFO ] 2021-04-16 10:46:53,698 com.controller.LoginController - 用户输入的密码：A27A102A904F1421FC046FD3CEDDF759
[INFO ] 2021-04-16 10:52:20,172 com.controller.LoginController - 用户输入的密码：A27A102A904F1421FC046FD3CEDDF759
[INFO ] 2021-04-16 10:52:49,531 com.controller.LoginController - 用户输入的密码：A27A102A904F1421FC046FD3CEDDF759
[INFO ] 2021-04-16 10:54:23,782 com.controller.LoginController - 用户输入的密码：A27A102A904F1421FC046FD3CEDDF759
[INFO ] 2021-04-16 10:56:10,178 com.controller.LoginController - 用户输入的密码：A27A102A904F1421FC046FD3CEDDF759
[INFO ] 2021-04-16 10:56:24,876 com.controller.LoginController - 用户输入的密码：A27A102A904F1421FC046FD3CEDDF759
[INFO ] 2021-04-16 11:00:20,373 com.controller.LoginController - 用户输入的密码：A27A102A904F1421FC046FD3CEDDF759
[INFO ] 2021-04-16 11:01:02,865 com.controller.LoginController - 用户输入的密码：A27A102A904F1421FC046FD3CEDDF759
[INFO ] 2021-04-16 15:59:03,062 com.controller.LoginController - 用户输入的密码：A27A102A904F1421FC046FD3CEDDF759
[INFO ] 2021-04-16 16:01:35,537 com.controller.LoginController - 用户输入的密码：A27A102A904F1421FC046FD3CEDDF759
[INFO ] 2021-04-17 09:41:20,283 com.controller.LoginController - 用户输入的密码：A27A102A904F1421FC046FD3CEDDF759
[INFO ] 2021-04-17 09:44:17,637 com.controller.LoginController - 用户输入的密码：A27A102A904F1421FC046FD3CEDDF759
[INFO ] 2021-04-17 09:54:05,638 com.controller.LoginController - 用户输入的密码：A27A102A904F1421FC046FD3CEDDF759
[INFO ] 2021-04-17 09:54:23,658 com.controller.LoginController - 用户输入的密码：A27A102A904F1421FC046FD3CEDDF759
[INFO ] 2021-04-17 09:54:26,718 com.controller.LoginController - 用户输入的密码：A27A102A904F1421FC046FD3CEDDF759
[INFO ] 2021-04-17 10:09:15,632 com.controller.LoginController - 用户输入的密码：A27A102A904F1421FC046FD3CEDDF759
[INFO ] 2021-04-17 10:24:22,136 com.controller.LoginController - 用户输入的密码：A27A102A904F1421FC046FD3CEDDF759
[INFO ] 2021-04-17 10:35:00,999 com.controller.LoginController - 用户输入的密码：A27A102A904F1421FC046FD3CEDDF759
[INFO ] 2021-04-17 10:39:27,561 com.controller.LoginController - 用户输入的密码：A27A102A904F1421FC046FD3CEDDF759
[INFO ] 2021-04-17 10:41:52,627 com.controller.LoginController - 用户输入的密码：A27A102A904F1421FC046FD3CEDDF759
[INFO ] 2021-04-17 10:43:53,457 com.controller.LoginController - 用户输入的密码：A27A102A904F1421FC046FD3CEDDF759
[INFO ] 2021-04-17 10:44:24,889 com.controller.LoginController - 用户输入的密码：A27A102A904F1421FC046FD3CEDDF759
[INFO ] 2021-04-17 10:44:41,951 com.controller.LoginController - 用户输入的密码：A27A102A904F1421FC046FD3CEDDF759
[INFO ] 2021-04-17 10:45:23,287 com.controller.LoginController - 用户输入的密码：A27A102A904F1421FC046FD3CEDDF759
[INFO ] 2021-04-17 10:46:48,944 com.controller.LoginController - 用户输入的密码：A27A102A904F1421FC046FD3CEDDF759
[INFO ] 2021-04-17 10:49:01,479 com.controller.LoginController - 用户输入的密码：A27A102A904F1421FC046FD3CEDDF759
[INFO ] 2021-04-17 10:49:36,461 com.controller.LoginController - 用户输入的密码：A27A102A904F1421FC046FD3CEDDF759
[INFO ] 2021-04-17 10:51:42,248 com.controller.LoginController - 用户输入的密码：A27A102A904F1421FC046FD3CEDDF759
[INFO ] 2021-04-17 10:52:16,769 com.controller.LoginController - 用户输入的密码：A27A102A904F1421FC046FD3CEDDF759
[INFO ] 2021-04-17 10:52:39,366 com.controller.LoginController - 用户输入的密码：A27A102A904F1421FC046FD3CEDDF759
[INFO ] 2021-04-17 10:54:12,135 com.controller.LoginController - 用户输入的密码：A27A102A904F1421FC046FD3CEDDF759
[INFO ] 2021-04-17 10:54:57,544 com.controller.LoginController - 用户输入的密码：A27A102A904F1421FC046FD3CEDDF759
[INFO ] 2021-04-17 10:55:31,792 com.controller.LoginController - 用户输入的密码：A27A102A904F1421FC046FD3CEDDF759
[INFO ] 2021-04-17 10:55:50,631 com.controller.LoginController - 用户输入的密码：A27A102A904F1421FC046FD3CEDDF759
[INFO ] 2021-04-17 10:56:35,206 com.controller.LoginController - 用户输入的密码：5E550D9529CCB30C883F2C1BE8B62E27
[INFO ] 2021-04-17 10:57:24,633 com.controller.LoginController - 用户输入的密码：A27A102A904F1421FC046FD3CEDDF759
[INFO ] 2021-04-17 10:58:01,857 com.controller.LoginController - 用户输入的密码：A27A102A904F1421FC046FD3CEDDF759
[INFO ] 2021-04-17 10:59:37,945 com.controller.LoginController - 用户输入的密码：A27A102A904F1421FC046FD3CEDDF759
[INFO ] 2021-04-17 11:00:08,846 com.controller.LoginController - 用户输入的密码：A27A102A904F1421FC046FD3CEDDF759
[INFO ] 2021-04-17 11:01:06,008 com.controller.LoginController - 用户输入的密码：A27A102A904F1421FC046FD3CEDDF759
[INFO ] 2021-04-17 11:01:27,383 com.controller.LoginController - 用户输入的密码：7D0325C237F3878FBA04BFC919AD819E
[INFO ] 2021-04-17 11:01:31,390 com.controller.LoginController - 用户输入的密码：7D0325C237F3878FBA04BFC919AD819E
[INFO ] 2021-04-17 11:01:35,725 com.controller.LoginController - 用户输入的密码：A27A102A904F1421FC046FD3CEDDF759
[INFO ] 2021-04-17 11:03:24,397 com.controller.LoginController - 用户输入的密码：A27A102A904F1421FC046FD3CEDDF759
[INFO ] 2021-04-17 11:03:39,279 com.controller.LoginController - 用户输入的密码：A27A102A904F1421FC046FD3CEDDF759
[INFO ] 2021-04-17 11:15:47,333 com.controller.LoginController - 用户输入的密码：A27A102A904F1421FC046FD3CEDDF759
[INFO ] 2021-04-17 11:23:33,266 com.controller.LoginController - 用户输入的密码：A27A102A904F1421FC046FD3CEDDF759
[INFO ] 2021-04-17 11:24:55,977 com.controller.LoginController - 用户输入的密码：A27A102A904F1421FC046FD3CEDDF759
[INFO ] 2021-04-17 11:38:31,288 com.controller.LoginController - 用户输入的密码：A27A102A904F1421FC046FD3CEDDF759
[INFO ] 2021-04-17 11:43:09,332 com.controller.LoginController - 用户输入的密码：A27A102A904F1421FC046FD3CEDDF759
[INFO ] 2021-04-17 13:27:36,658 com.controller.LoginController - 用户输入的密码：A27A102A904F1421FC046FD3CEDDF759
[INFO ] 2021-04-17 13:38:01,029 com.controller.LoginController - 用户输入的密码：A27A102A904F1421FC046FD3CEDDF759
[INFO ] 2021-04-17 13:45:33,104 com.controller.LoginController - 用户输入的密码：A27A102A904F1421FC046FD3CEDDF759
[INFO ] 2021-04-17 13:49:27,840 com.controller.LoginController - 用户输入的密码：A27A102A904F1421FC046FD3CEDDF759
[INFO ] 2021-04-17 13:51:40,049 com.controller.LoginController - 用户输入的密码：A27A102A904F1421FC046FD3CEDDF759
[INFO ] 2021-04-17 13:54:43,476 com.controller.LoginController - 用户输入的密码：A27A102A904F1421FC046FD3CEDDF759
[INFO ] 2021-04-17 13:57:33,746 com.controller.LoginController - 用户输入的密码：A27A102A904F1421FC046FD3CEDDF759
[INFO ] 2021-04-17 13:57:47,890 com.controller.LoginController - 用户输入的密码：A27A102A904F1421FC046FD3CEDDF759
[INFO ] 2021-04-17 14:00:19,051 com.controller.LoginController - 用户输入的密码：A27A102A904F1421FC046FD3CEDDF759
[INFO ] 2021-04-17 14:01:30,230 com.controller.LoginController - 用户输入的密码：A27A102A904F1421FC046FD3CEDDF759
[INFO ] 2021-04-17 14:02:49,718 com.controller.LoginController - 用户输入的密码：A27A102A904F1421FC046FD3CEDDF759
[INFO ] 2021-04-17 14:03:11,973 com.controller.LoginController - 用户输入的密码：A27A102A904F1421FC046FD3CEDDF759
[INFO ] 2021-04-17 14:03:27,019 com.controller.LoginController - 用户输入的密码：A27A102A904F1421FC046FD3CEDDF759
[INFO ] 2021-04-17 14:07:20,974 com.controller.LoginController - 用户输入的密码：A27A102A904F1421FC046FD3CEDDF759
[INFO ] 2021-04-17 14:07:43,695 com.controller.LoginController - 用户输入的密码：A27A102A904F1421FC046FD3CEDDF759
[INFO ] 2021-04-17 14:08:20,161 com.controller.LoginController - 用户输入的密码：A27A102A904F1421FC046FD3CEDDF759
[INFO ] 2021-04-17 14:14:16,809 com.controller.LoginController - 用户输入的密码：A27A102A904F1421FC046FD3CEDDF759
[INFO ] 2021-04-17 14:16:33,551 com.controller.LoginController - 用户输入的密码：A27A102A904F1421FC046FD3CEDDF759
[INFO ] 2021-04-17 14:17:04,605 com.controller.LoginController - 用户输入的密码：A27A102A904F1421FC046FD3CEDDF759
[INFO ] 2021-04-17 14:17:07,521 com.controller.LoginController - 用户输入的密码：A27A102A904F1421FC046FD3CEDDF759
[INFO ] 2021-04-17 14:17:12,060 com.controller.LoginController - 用户输入的密码：A27A102A904F1421FC046FD3CEDDF759
[INFO ] 2021-04-17 14:32:46,977 com.controller.LoginController - 用户输入的密码：A27A102A904F1421FC046FD3CEDDF759
[INFO ] 2021-04-17 14:33:00,257 com.controller.LoginController - 用户输入的密码：A27A102A904F1421FC046FD3CEDDF759
[INFO ] 2021-04-17 14:38:41,049 com.controller.LoginController - 用户输入的密码：A27A102A904F1421FC046FD3CEDDF759
[INFO ] 2021-04-17 14:41:12,656 com.controller.LoginController - 用户输入的密码：A27A102A904F1421FC046FD3CEDDF759
[INFO ] 2021-04-17 15:19:03,226 com.controller.LoginController - 用户输入的密码：A27A102A904F1421FC046FD3CEDDF759
[INFO ] 2021-04-17 15:19:41,269 com.controller.LoginController - 用户输入的密码：A27A102A904F1421FC046FD3CEDDF759
[INFO ] 2021-04-17 15:35:06,158 com.controller.LoginController - 用户输入的密码：A27A102A904F1421FC046FD3CEDDF759
[INFO ] 2021-04-17 15:36:03,276 com.controller.LoginController - 用户输入的密码：A27A102A904F1421FC046FD3CEDDF759
[INFO ] 2021-04-17 15:47:26,230 com.controller.LoginController - 用户输入的密码：A27A102A904F1421FC046FD3CEDDF759
[INFO ] 2021-04-17 16:20:08,657 com.controller.LoginController - 用户输入的密码：A27A102A904F1421FC046FD3CEDDF759
[INFO ] 2021-04-17 16:21:23,853 com.controller.LoginController - 用户输入的密码：A27A102A904F1421FC046FD3CEDDF759
[INFO ] 2021-04-17 16:22:17,984 com.controller.LoginController - 用户输入的密码：A27A102A904F1421FC046FD3CEDDF759
[INFO ] 2021-04-17 16:22:22,069 com.controller.LoginController - 用户输入的密码：A27A102A904F1421FC046FD3CEDDF759
[INFO ] 2021-04-17 16:25:51,409 com.controller.LoginController - 用户输入的密码：A27A102A904F1421FC046FD3CEDDF759
[INFO ] 2021-04-17 16:27:09,934 com.controller.LoginController - 用户输入的密码：A27A102A904F1421FC046FD3CEDDF759
[INFO ] 2021-04-17 16:27:13,725 com.controller.LoginController - 用户输入的密码：A27A102A904F1421FC046FD3CEDDF759
[INFO ] 2021-04-17 16:28:38,173 com.controller.LoginController - 用户输入的密码：A27A102A904F1421FC046FD3CEDDF759
[INFO ] 2021-04-17 16:30:23,430 com.controller.LoginController - 用户输入的密码：A27A102A904F1421FC046FD3CEDDF759
[INFO ] 2021-04-17 16:48:35,138 com.controller.LoginController - 用户输入的密码：A27A102A904F1421FC046FD3CEDDF759
[INFO ] 2021-04-17 16:50:13,625 com.controller.LoginController - 用户输入的密码：A27A102A904F1421FC046FD3CEDDF759
[INFO ] 2021-04-17 16:50:59,962 com.controller.LoginController - 用户输入的密码：A27A102A904F1421FC046FD3CEDDF759
[INFO ] 2021-04-17 16:53:49,883 com.controller.LoginController - 用户输入的密码：A27A102A904F1421FC046FD3CEDDF759
[INFO ] 2021-04-17 17:06:42,446 com.controller.LoginController - 用户输入的密码：A27A102A904F1421FC046FD3CEDDF759
[INFO ] 2021-04-17 17:16:19,048 com.controller.LoginController - 用户输入的密码：A27A102A904F1421FC046FD3CEDDF759
[INFO ] 2021-04-17 17:19:21,976 com.controller.LoginController - 用户输入的密码：A27A102A904F1421FC046FD3CEDDF759
[INFO ] 2021-04-17 17:21:14,981 com.controller.LoginController - 用户输入的密码：A27A102A904F1421FC046FD3CEDDF759
[INFO ] 2021-04-17 17:21:50,656 com.controller.LoginController - 用户输入的密码：A27A102A904F1421FC046FD3CEDDF759
[INFO ] 2021-04-20 09:50:24,598 com.controller.LoginController - 用户输入的密码：A27A102A904F1421FC046FD3CEDDF759
[INFO ] 2021-04-20 09:53:28,865 com.controller.LoginController - 用户输入的密码：A27A102A904F1421FC046FD3CEDDF759
[INFO ] 2021-04-20 09:58:55,868 com.controller.LoginController - 用户输入的密码：4563905D4A1CE602C2BC2087F50578EB
[INFO ] 2021-04-20 10:04:11,000 com.controller.LoginController - 用户输入的密码：4563905D4A1CE602C2BC2087F50578EB
[INFO ] 2021-04-20 10:04:15,188 com.controller.LoginController - 用户输入的密码：A27A102A904F1421FC046FD3CEDDF759
[INFO ] 2021-04-20 10:25:28,446 com.controller.LoginController - 用户输入的密码：A27A102A904F1421FC046FD3CEDDF759
[INFO ] 2021-04-20 10:27:42,457 com.controller.LoginController - 用户输入的密码：A27A102A904F1421FC046FD3CEDDF759
[INFO ] 2021-04-20 11:14:01,039 com.controller.LoginController - 用户输入的密码：A27A102A904F1421FC046FD3CEDDF759
[INFO ] 2021-04-20 13:42:04,036 com.controller.LoginController - 用户输入的密码：A27A102A904F1421FC046FD3CEDDF759
[INFO ] 2021-04-20 15:15:04,791 com.controller.LoginController - 用户输入的密码：A27A102A904F1421FC046FD3CEDDF759
[INFO ] 2021-04-20 15:52:07,936 com.controller.LoginController - 用户输入的密码：A27A102A904F1421FC046FD3CEDDF759
[INFO ] 2021-04-20 16:09:32,963 com.controller.LoginController - 用户输入的密码：A27A102A904F1421FC046FD3CEDDF759
[INFO ] 2021-04-20 17:22:18,550 com.controller.LoginController - 用户输入的密码：A27A102A904F1421FC046FD3CEDDF759
[INFO ] 2021-04-20 17:45:56,316 com.controller.LoginController - 用户输入的密码：A27A102A904F1421FC046FD3CEDDF759
[INFO ] 2021-04-20 17:47:42,786 com.controller.LoginController - 用户输入的密码：A27A102A904F1421FC046FD3CEDDF759
[INFO ] 2021-04-21 09:24:20,647 com.controller.LoginController - 用户输入的密码：A27A102A904F1421FC046FD3CEDDF759
[INFO ] 2021-04-22 13:50:54,837 com.controller.LoginController - 用户输入的密码：A27A102A904F1421FC046FD3CEDDF759
[INFO ] 2021-04-22 14:43:34,871 com.controller.LoginController - 用户输入的密码：A27A102A904F1421FC046FD3CEDDF759
[INFO ] 2021-04-22 14:43:40,605 com.controller.LoginController - 用户输入的密码：A27A102A904F1421FC046FD3CEDDF759
[INFO ] 2021-04-22 14:49:17,630 com.controller.LoginController - 用户输入的密码：A27A102A904F1421FC046FD3CEDDF759
[INFO ] 2021-04-22 14:49:23,495 com.controller.LoginController - 用户输入的密码：A27A102A904F1421FC046FD3CEDDF759
[INFO ] 2021-04-22 14:51:01,427 com.controller.LoginController - 用户输入的密码：A27A102A904F1421FC046FD3CEDDF759
[INFO ] 2021-04-22 14:51:06,705 com.controller.LoginController - 用户输入的密码：A27A102A904F1421FC046FD3CEDDF759
[INFO ] 2021-04-22 15:00:18,136 com.controller.LoginController - 用户输入的密码：A27A102A904F1421FC046FD3CEDDF759
[INFO ] 2021-04-22 15:00:24,173 com.controller.LoginController - 用户输入的密码：A27A102A904F1421FC046FD3CEDDF759
[INFO ] 2021-04-22 15:02:36,761 com.controller.LoginController - 用户输入的密码：A27A102A904F1421FC046FD3CEDDF759
[INFO ] 2021-04-22 15:03:02,878 com.controller.LoginController - 用户输入的密码：A27A102A904F1421FC046FD3CEDDF759
[INFO ] 2021-04-22 17:42:10,771 com.controller.LoginController - 用户输入的密码：A27A102A904F1421FC046FD3CEDDF759
[INFO ] 2021-04-23 09:18:11,667 com.controller.LoginController - 用户输入的密码：A27A102A904F1421FC046FD3CEDDF759
[INFO ] 2021-04-23 09:24:35,792 com.controller.LoginController - 用户输入的密码：A27A102A904F1421FC046FD3CEDDF759
[INFO ] 2021-04-23 09:26:43,739 com.controller.LoginController - 用户输入的密码：A27A102A904F1421FC046FD3CEDDF759
[INFO ] 2021-04-23 17:59:12,142 com.controller.LoginController - 用户输入的密码：A27A102A904F1421FC046FD3CEDDF759
[INFO ] 2021-04-24 10:42:57,752 com.controller.LoginController - 用户输入的密码：A27A102A904F1421FC046FD3CEDDF759
[INFO ] 2021-04-24 10:51:22,926 com.controller.LoginController - 用户输入的密码：A27A102A904F1421FC046FD3CEDDF759
[INFO ] 2021-04-24 11:00:35,035 com.controller.LoginController - 用户输入的密码：A27A102A904F1421FC046FD3CEDDF759
[INFO ] 2021-04-24 17:22:37,954 com.controller.LoginController - 用户输入的密码：A27A102A904F1421FC046FD3CEDDF759
[INFO ] 2021-04-30 10:50:06,578 com.controller.LoginController - 用户输入的密码：A27A102A904F1421FC046FD3CEDDF759
[INFO ] 2021-04-30 13:10:18,044 com.controller.LoginController - 用户输入的密码：A27A102A904F1421FC046FD3CEDDF759
[INFO ] 2021-04-30 13:44:26,594 com.controller.LoginController - 用户输入的密码：A27A102A904F1421FC046FD3CEDDF759
[INFO ] 2021-04-30 13:45:58,866 com.controller.LoginController - 用户输入的密码：A27A102A904F1421FC046FD3CEDDF759
[INFO ] 2021-04-30 15:44:23,903 com.controller.LoginController - 用户输入的密码：A27A102A904F1421FC046FD3CEDDF759
[INFO ] 2021-04-30 15:44:57,103 com.controller.LoginController - 用户输入的密码：A27A102A904F1421FC046FD3CEDDF759
[INFO ] 2021-04-30 15:50:07,405 com.controller.LoginController - 用户输入的密码：A27A102A904F1421FC046FD3CEDDF759
[INFO ] 2021-04-30 16:35:31,349 com.controller.LoginController - 用户输入的密码：A27A102A904F1421FC046FD3CEDDF759
[INFO ] 2021-05-02 12:35:00,423 com.controller.LoginController - 用户输入的密码：A27A102A904F1421FC046FD3CEDDF759
[INFO ] 2021-05-02 12:35:43,974 com.controller.LoginController - 用户输入的密码：A27A102A904F1421FC046FD3CEDDF759
[INFO ] 2021-05-02 12:38:52,653 com.controller.LoginController - 用户输入的密码：A27A102A904F1421FC046FD3CEDDF759
[INFO ] 2021-05-02 12:39:34,111 com.controller.LoginController - 用户输入的密码：A27A102A904F1421FC046FD3CEDDF759
[INFO ] 2021-05-02 12:42:07,597 com.controller.LoginController - 用户输入的密码：A27A102A904F1421FC046FD3CEDDF759
[INFO ] 2021-05-02 12:44:00,195 com.controller.LoginController - 用户输入的密码：A27A102A904F1421FC046FD3CEDDF759
[INFO ] 2021-05-02 12:44:53,581 com.controller.LoginController - 用户输入的密码：A27A102A904F1421FC046FD3CEDDF759
[INFO ] 2021-05-02 12:47:13,027 com.controller.LoginController - 用户输入的密码：A27A102A904F1421FC046FD3CEDDF759
[INFO ] 2021-05-02 12:49:09,671 com.controller.LoginController - 用户输入的密码：A27A102A904F1421FC046FD3CEDDF759
[INFO ] 2021-05-02 12:56:37,799 com.controller.LoginController - 用户输入的密码：A27A102A904F1421FC046FD3CEDDF759
[INFO ] 2021-05-02 12:57:50,013 com.controller.LoginController - 用户输入的密码：A27A102A904F1421FC046FD3CEDDF759
[INFO ] 2021-05-02 16:01:25,858 com.controller.LoginController - 用户输入的密码：A27A102A904F1421FC046FD3CEDDF759
[INFO ] 2021-05-02 16:30:41,677 com.controller.LoginController - 用户输入的密码：A27A102A904F1421FC046FD3CEDDF759
[INFO ] 2021-05-02 16:31:15,686 com.controller.LoginController - 用户输入的密码：A27A102A904F1421FC046FD3CEDDF759
[INFO ] 2021-05-02 16:46:06,885 com.controller.LoginController - 用户输入的密码：A27A102A904F1421FC046FD3CEDDF759
[INFO ] 2021-05-02 17:01:51,903 com.controller.LoginController - 用户输入的密码：A27A102A904F1421FC046FD3CEDDF759
[INFO ] 2021-05-02 17:30:06,335 com.controller.LoginController - 用户输入的密码：A27A102A904F1421FC046FD3CEDDF759
[INFO ] 2021-05-02 17:30:20,947 com.controller.LoginController - 用户输入的密码：A27A102A904F1421FC046FD3CEDDF759
[INFO ] 2021-05-02 17:30:36,562 com.controller.LoginController - 用户输入的密码：A27A102A904F1421FC046FD3CEDDF759
[INFO ] 2021-05-02 17:57:23,451 com.controller.LoginController - 用户输入的密码：A27A102A904F1421FC046FD3CEDDF759
[INFO ] 2021-05-02 17:58:10,457 com.controller.LoginController - 用户输入的密码：A27A102A904F1421FC046FD3CEDDF759
[INFO ] 2021-05-06 10:34:09,601 com.controller.LoginController - 用户输入的密码：A27A102A904F1421FC046FD3CEDDF759
[INFO ] 2021-05-06 10:36:51,972 com.controller.LoginController - 用户输入的密码：A27A102A904F1421FC046FD3CEDDF759
[INFO ] 2021-05-06 11:02:19,424 com.controller.LoginController - 用户输入的密码：A27A102A904F1421FC046FD3CEDDF759
[INFO ] 2021-05-06 11:06:02,643 com.controller.LoginController - 用户输入的密码：A27A102A904F1421FC046FD3CEDDF759
[INFO ] 2021-05-06 11:07:44,527 com.controller.LoginController - 用户输入的密码：A27A102A904F1421FC046FD3CEDDF759
[INFO ] 2021-05-06 14:02:56,059 com.controller.LoginController - 用户输入的密码：A27A102A904F1421FC046FD3CEDDF759
[INFO ] 2021-05-06 14:38:52,231 com.controller.LoginController - 用户输入的密码：A27A102A904F1421FC046FD3CEDDF759
[INFO ] 2021-05-06 15:18:32,519 com.controller.LoginController - 用户输入的密码：A27A102A904F1421FC046FD3CEDDF759
[INFO ] 2021-05-06 15:36:35,524 com.controller.LoginController - 用户输入的密码：A27A102A904F1421FC046FD3CEDDF759
[INFO ] 2021-05-07 11:25:34,425 com.controller.LoginController - 用户输入的密码：A27A102A904F1421FC046FD3CEDDF759
[INFO ] 2021-05-09 17:48:12,375 com.controller.LoginController - 用户输入的密码：A27A102A904F1421FC046FD3CEDDF759
[INFO ] 2021-05-09 17:51:15,910 com.controller.LoginController - 用户输入的密码：A27A102A904F1421FC046FD3CEDDF759
[INFO ] 2021-05-09 18:11:47,835 com.controller.LoginController - 用户输入的密码：A27A102A904F1421FC046FD3CEDDF759
[INFO ] 2021-05-09 18:20:20,719 com.controller.LoginController - 用户输入的密码：A27A102A904F1421FC046FD3CEDDF759
[INFO ] 2021-05-09 18:22:24,282 com.controller.LoginController - 用户输入的密码：A27A102A904F1421FC046FD3CEDDF759
[INFO ] 2021-05-10 10:25:41,383 com.controller.LoginController - 用户输入的密码：A27A102A904F1421FC046FD3CEDDF759
[INFO ] 2021-05-11 11:17:44,514 com.controller.LoginController - 用户输入的密码：A27A102A904F1421FC046FD3CEDDF759
[INFO ] 2021-05-11 15:21:58,205 com.controller.LoginController - 用户输入的密码：A27A102A904F1421FC046FD3CEDDF759
[INFO ] 2021-05-11 16:29:46,685 com.controller.LoginController - 用户输入的密码：A27A102A904F1421FC046FD3CEDDF759
[INFO ] 2021-05-14 18:21:03,860 com.controller.LoginController - 用户输入的密码：A27A102A904F1421FC046FD3CEDDF759
[INFO ] 2021-05-18 11:44:37,449 com.controller.LoginController - 用户输入的密码：A27A102A904F1421FC046FD3CEDDF759
[INFO ] 2021-05-18 13:23:05,071 com.controller.LoginController - 用户输入的密码：A27A102A904F1421FC046FD3CEDDF759
[INFO ] 2021-05-18 14:50:46,233 com.controller.LoginController - 用户输入的密码：A27A102A904F1421FC046FD3CEDDF759
[INFO ] 2021-05-18 16:30:47,346 com.controller.LoginController - 用户输入的密码：A27A102A904F1421FC046FD3CEDDF759
[INFO ] 2021-05-19 09:15:45,908 com.controller.LoginController - 用户输入的密码：A27A102A904F1421FC046FD3CEDDF759
[INFO ] 2021-05-19 15:06:55,436 com.controller.LoginController - 用户输入的密码：A27A102A904F1421FC046FD3CEDDF759
[INFO ] 2021-05-19 15:09:40,848 com.controller.LoginController - 用户输入的密码：A27A102A904F1421FC046FD3CEDDF759
[INFO ] 2021-05-19 15:09:59,343 com.controller.LoginController - 用户输入的密码：A27A102A904F1421FC046FD3CEDDF759
[INFO ] 2021-05-19 16:26:26,691 com.controller.LoginController - 用户输入的密码：A27A102A904F1421FC046FD3CEDDF759
[INFO ] 2021-05-20 14:55:04,252 com.controller.LoginController - 用户输入的密码：A27A102A904F1421FC046FD3CEDDF759
[INFO ] 2021-05-20 18:03:40,398 com.controller.LoginController - 用户输入的密码：A27A102A904F1421FC046FD3CEDDF759
[INFO ] 2021-05-21 10:24:42,004 com.controller.LoginController - 用户输入的密码：A27A102A904F1421FC046FD3CEDDF759
[INFO ] 2021-05-21 10:41:35,135 com.controller.LoginController - 用户输入的密码：A27A102A904F1421FC046FD3CEDDF759
[INFO ] 2021-05-21 10:43:44,394 com.controller.LoginController - 用户输入的密码：A27A102A904F1421FC046FD3CEDDF759
[INFO ] 2021-05-21 16:47:23,198 com.controller.LoginController - 用户输入的密码：A27A102A904F1421FC046FD3CEDDF759
[INFO ] 2021-05-22 16:00:00,519 com.controller.LoginController - 用户输入的密码：A27A102A904F1421FC046FD3CEDDF759
[INFO ] 2021-05-22 16:36:32,967 com.controller.LoginController - 用户输入的密码：A27A102A904F1421FC046FD3CEDDF759
[INFO ] 2021-05-24 19:10:39,147 com.controller.LoginController - 用户输入的密码：A27A102A904F1421FC046FD3CEDDF759
[INFO ] 2021-05-25 17:43:34,616 com.controller.LoginController - 用户输入的密码：A27A102A904F1421FC046FD3CEDDF759
[INFO ] 2021-06-16 14:24:11,620 com.controller.LoginController - 用户输入的密码：A27A102A904F1421FC046FD3CEDDF759
[INFO ] 2021-06-17 11:28:44,063 com.controller.LoginController - 用户输入的密码：A27A102A904F1421FC046FD3CEDDF759
[INFO ] 2021-06-17 11:31:18,879 com.controller.LoginController - 用户输入的密码：A27A102A904F1421FC046FD3CEDDF759
[INFO ] 2021-06-17 12:09:19,288 com.controller.LoginController - 用户输入的密码：A27A102A904F1421FC046FD3CEDDF759
[INFO ] 2021-06-17 15:32:56,984 com.controller.LoginController - 用户输入的密码：A27A102A904F1421FC046FD3CEDDF759
[INFO ] 2021-06-18 13:58:53,073 com.controller.LoginController - 用户输入的密码：A27A102A904F1421FC046FD3CEDDF759
[INFO ] 2021-06-25 09:25:38,751 com.controller.LoginController - 用户输入的密码：A27A102A904F1421FC046FD3CEDDF759
[INFO ] 2021-06-25 17:03:50,354 com.controller.LoginController - 用户输入的密码：A27A102A904F1421FC046FD3CEDDF759
[INFO ] 2021-06-25 17:05:44,255 com.controller.LoginController - 用户输入的密码：A27A102A904F1421FC046FD3CEDDF759
[INFO ] 2021-06-25 17:11:35,273 com.controller.LoginController - 用户输入的密码：A27A102A904F1421FC046FD3CEDDF759
[INFO ] 2021-06-25 17:11:58,998 com.controller.LoginController - 用户输入的密码：A27A102A904F1421FC046FD3CEDDF759
[INFO ] 2021-06-25 17:12:10,755 com.controller.LoginController - 用户输入的密码：A27A102A904F1421FC046FD3CEDDF759
[INFO ] 2021-06-25 17:14:04,595 com.controller.LoginController - 用户输入的密码：A27A102A904F1421FC046FD3CEDDF759
[INFO ] 2021-06-26 10:10:27,185 com.controller.LoginController - 用户输入的密码：A27A102A904F1421FC046FD3CEDDF759
[INFO ] 2021-06-26 10:10:35,444 com.controller.LoginController - 用户输入的密码：A27A102A904F1421FC046FD3CEDDF759
[INFO ] 2021-06-26 10:57:27,297 com.controller.LoginController - 用户输入的密码：A27A102A904F1421FC046FD3CEDDF759
[INFO ] 2021-06-26 11:15:08,606 com.controller.LoginController - 用户输入的密码：A27A102A904F1421FC046FD3CEDDF759
[INFO ] 2021-06-26 14:15:58,511 com.controller.LoginController - 用户输入的密码：A27A102A904F1421FC046FD3CEDDF759
[INFO ] 2021-06-26 15:34:20,104 com.controller.LoginController - 用户输入的密码：A27A102A904F1421FC046FD3CEDDF759
[INFO ] 2021-06-26 15:55:03,949 com.controller.LoginController - 用户输入的密码：A27A102A904F1421FC046FD3CEDDF759
[INFO ] 2021-06-26 15:57:42,097 com.controller.LoginController - 用户输入的密码：A27A102A904F1421FC046FD3CEDDF759
[INFO ] 2021-06-26 16:00:08,129 com.controller.LoginController - 用户输入的密码：A27A102A904F1421FC046FD3CEDDF759
[INFO ] 2021-06-26 16:01:10,248 com.controller.LoginController - 用户输入的密码：A27A102A904F1421FC046FD3CEDDF759
[INFO ] 2021-06-26 16:03:52,864 com.controller.LoginController - 用户输入的密码：A27A102A904F1421FC046FD3CEDDF759
[INFO ] 2021-06-26 16:04:30,730 com.controller.LoginController - 用户输入的密码：A27A102A904F1421FC046FD3CEDDF759
[INFO ] 2021-06-26 16:05:40,777 com.controller.LoginController - 用户输入的密码：A27A102A904F1421FC046FD3CEDDF759
[INFO ] 2021-06-26 16:07:50,664 com.controller.LoginController - 用户输入的密码：A27A102A904F1421FC046FD3CEDDF759
[INFO ] 2021-06-26 16:10:36,144 com.controller.LoginController - 用户输入的密码：A27A102A904F1421FC046FD3CEDDF759
[INFO ] 2021-06-26 16:10:49,343 com.controller.LoginController - 用户输入的密码：A27A102A904F1421FC046FD3CEDDF759
[INFO ] 2021-06-26 16:13:15,232 com.controller.LoginController - 用户输入的密码：A27A102A904F1421FC046FD3CEDDF759
[INFO ] 2021-06-26 16:19:43,470 com.controller.LoginController - 用户输入的密码：A27A102A904F1421FC046FD3CEDDF759
[INFO ] 2021-06-26 16:26:34,249 com.controller.LoginController - 用户输入的密码：A27A102A904F1421FC046FD3CEDDF759
[INFO ] 2021-06-26 16:31:31,683 com.controller.LoginController - 用户输入的密码：A27A102A904F1421FC046FD3CEDDF759
[INFO ] 2021-06-26 16:37:52,586 com.controller.LoginController - 用户输入的密码：A27A102A904F1421FC046FD3CEDDF759
[INFO ] 2021-06-26 16:41:10,582 com.controller.LoginController - 操作日志IP：0:0:0:0:0:0:0:1
[INFO ] 2021-06-26 16:41:10,591 com.controller.LoginController - 用户输入的密码：A27A102A904F1421FC046FD3CEDDF759
[INFO ] 2021-06-26 16:43:17,161 com.controller.LoginController - 操作日志IP：0:0:0:0:0:0:0:1
[INFO ] 2021-06-26 16:43:17,169 com.controller.LoginController - 用户输入的密码：A27A102A904F1421FC046FD3CEDDF759
[INFO ] 2021-06-26 16:48:32,786 com.controller.LoginController - 操作日志IP：60.176.85.108
[INFO ] 2021-06-26 16:48:32,787 com.controller.LoginController - 用户输入的密码：A27A102A904F1421FC046FD3CEDDF759
[INFO ] 2021-06-26 16:53:53,013 com.controller.LoginController - 用户输入的密码：A27A102A904F1421FC046FD3CEDDF759
[INFO ] 2021-06-26 16:53:59,560 com.controller.LoginController - 用户输入的密码：A27A102A904F1421FC046FD3CEDDF759
[INFO ] 2021-06-26 16:58:05,299 com.controller.LoginController - 用户输入的密码：A27A102A904F1421FC046FD3CEDDF759
[INFO ] 2021-06-26 17:06:37,862 com.controller.LoginController - 用户输入的密码：A27A102A904F1421FC046FD3CEDDF759
[INFO ] 2021-06-26 17:09:24,242 com.controller.LoginController - 用户输入的密码：A27A102A904F1421FC046FD3CEDDF759
[INFO ] 2021-06-26 17:28:31,415 com.controller.LoginController - 用户输入的密码：A27A102A904F1421FC046FD3CEDDF759
[INFO ] 2021-06-30 15:59:53,890 com.controller.LoginController - 用户输入的密码：A27A102A904F1421FC046FD3CEDDF759
[INFO ] 2021-06-30 16:33:11,202 com.controller.LoginController - 用户输入的密码：A27A102A904F1421FC046FD3CEDDF759
[INFO ] 2021-06-30 17:03:37,940 com.controller.LoginController - 用户输入的密码：A27A102A904F1421FC046FD3CEDDF759
[INFO ] 2021-06-30 17:14:32,921 com.controller.LoginController - 用户输入的密码：A27A102A904F1421FC046FD3CEDDF759
[INFO ] 2021-06-30 17:35:19,761 com.controller.LoginController - 用户输入的密码：A27A102A904F1421FC046FD3CEDDF759
[INFO ] 2021-06-30 17:50:57,922 com.controller.LoginController - 用户输入的密码：A27A102A904F1421FC046FD3CEDDF759
[INFO ] 2021-07-03 14:34:09,334 com.controller.LoginController - 用户输入的密码：A27A102A904F1421FC046FD3CEDDF759
[INFO ] 2021-07-03 14:46:06,704 com.controller.LoginController - 用户输入的密码：A27A102A904F1421FC046FD3CEDDF759
[INFO ] 2021-07-03 14:50:18,596 com.controller.LoginController - 用户输入的密码：A27A102A904F1421FC046FD3CEDDF759
[INFO ] 2021-07-03 14:51:46,406 com.controller.LoginController - 用户输入的密码：A27A102A904F1421FC046FD3CEDDF759
[INFO ] 2021-07-03 14:54:03,889 com.controller.LoginController - 用户输入的密码：A27A102A904F1421FC046FD3CEDDF759
[INFO ] 2021-07-03 14:55:43,153 com.controller.LoginController - 用户输入的密码：A27A102A904F1421FC046FD3CEDDF759
[INFO ] 2021-07-03 15:00:16,408 com.controller.LoginController - 用户输入的密码：A27A102A904F1421FC046FD3CEDDF759
[INFO ] 2021-07-03 15:40:50,966 com.controller.LoginController - 用户输入的密码：A27A102A904F1421FC046FD3CEDDF759
[INFO ] 2021-07-03 15:46:48,343 com.controller.LoginController - 用户输入的密码：A27A102A904F1421FC046FD3CEDDF759
[INFO ] 2021-07-03 15:49:07,323 com.controller.LoginController - 用户输入的密码：A27A102A904F1421FC046FD3CEDDF759
[INFO ] 2021-07-03 15:50:27,967 com.controller.LoginController - 用户输入的密码：A27A102A904F1421FC046FD3CEDDF759
[INFO ] 2021-07-03 15:53:17,972 com.controller.LoginController - 用户输入的密码：A27A102A904F1421FC046FD3CEDDF759
[INFO ] 2021-07-03 15:56:45,406 com.controller.LoginController - 用户输入的密码：A27A102A904F1421FC046FD3CEDDF759
[INFO ] 2021-07-03 15:58:31,188 com.controller.LoginController - 用户输入的密码：A27A102A904F1421FC046FD3CEDDF759
[INFO ] 2021-07-03 16:09:00,896 com.controller.LoginController - 用户输入的密码：A27A102A904F1421FC046FD3CEDDF759
[INFO ] 2021-07-03 16:43:46,650 com.controller.LoginController - 用户输入的密码：A27A102A904F1421FC046FD3CEDDF759
[INFO ] 2021-07-03 16:45:28,708 com.controller.LoginController - 用户输入的密码：A27A102A904F1421FC046FD3CEDDF759
[INFO ] 2021-07-03 16:48:11,060 com.controller.LoginController - 用户输入的密码：A27A102A904F1421FC046FD3CEDDF759
[INFO ] 2021-07-08 09:44:16,844 com.controller.LoginController - 用户输入的密码：A27A102A904F1421FC046FD3CEDDF759
[INFO ] 2021-07-08 09:45:35,524 com.controller.LoginController - 用户输入的密码：A27A102A904F1421FC046FD3CEDDF759
[INFO ] 2021-07-08 09:48:58,355 com.controller.LoginController - 用户输入的密码：A27A102A904F1421FC046FD3CEDDF759
[INFO ] 2021-07-08 09:53:19,167 com.controller.LoginController - 用户输入的密码：A27A102A904F1421FC046FD3CEDDF759
[INFO ] 2021-07-08 09:54:34,189 com.controller.LoginController - 用户输入的密码：A27A102A904F1421FC046FD3CEDDF759
[INFO ] 2021-07-09 12:12:50,838 com.controller.LoginController - 用户输入的密码：A27A102A904F1421FC046FD3CEDDF759
[INFO ] 2021-07-09 12:17:57,613 com.controller.LoginController - 用户输入的密码：A27A102A904F1421FC046FD3CEDDF759
[INFO ] 2021-07-09 12:20:26,192 com.controller.LoginController - 用户输入的密码：A27A102A904F1421FC046FD3CEDDF759
[INFO ] 2021-07-09 12:21:43,720 com.controller.LoginController - 用户输入的密码：A27A102A904F1421FC046FD3CEDDF759
[INFO ] 2021-07-09 12:22:16,022 com.controller.LoginController - 用户输入的密码：A27A102A904F1421FC046FD3CEDDF759
[INFO ] 2021-07-09 12:23:15,119 com.controller.LoginController - 用户输入的密码：A27A102A904F1421FC046FD3CEDDF759
[INFO ] 2021-07-09 15:08:26,725 com.controller.LoginController - 用户输入的密码：A27A102A904F1421FC046FD3CEDDF759
[INFO ] 2021-07-09 15:14:30,731 com.controller.LoginController - 用户输入的密码：A27A102A904F1421FC046FD3CEDDF759
[INFO ] 2021-07-09 15:16:35,954 com.controller.LoginController - 用户输入的密码：A27A102A904F1421FC046FD3CEDDF759
[INFO ] 2021-07-09 15:23:21,839 com.controller.LoginController - 用户输入的密码：A27A102A904F1421FC046FD3CEDDF759
[INFO ] 2021-07-09 15:53:43,376 com.controller.LoginController - 用户输入的密码：A27A102A904F1421FC046FD3CEDDF759
[INFO ] 2021-07-09 17:08:51,854 com.controller.LoginController - 用户输入的密码：A27A102A904F1421FC046FD3CEDDF759
[INFO ] 2021-07-09 17:08:59,263 com.controller.LoginController - 用户输入的密码：A27A102A904F1421FC046FD3CEDDF759
[INFO ] 2021-07-12 09:11:17,301 com.controller.LoginController - 用户输入的密码：A27A102A904F1421FC046FD3CEDDF759
[INFO ] 2021-07-12 09:18:09,232 com.controller.LoginController - 用户输入的密码：A27A102A904F1421FC046FD3CEDDF759
[INFO ] 2021-07-12 09:24:49,178 com.controller.LoginController - 用户输入的密码：A27A102A904F1421FC046FD3CEDDF759
[INFO ] 2021-07-12 09:27:18,538 com.controller.LoginController - 用户输入的密码：A27A102A904F1421FC046FD3CEDDF759
[INFO ] 2021-07-12 09:27:40,085 com.controller.LoginController - 用户输入的密码：A27A102A904F1421FC046FD3CEDDF759
[INFO ] 2021-07-12 09:28:31,983 com.controller.LoginController - 用户输入的密码：A27A102A904F1421FC046FD3CEDDF759
[INFO ] 2021-07-12 10:04:27,554 com.controller.LoginController - 用户输入的密码：A27A102A904F1421FC046FD3CEDDF759
[INFO ] 2021-07-17 11:49:39,724 com.controller.LoginController - 用户输入的密码：A27A102A904F1421FC046FD3CEDDF759
[INFO ] 2021-07-17 11:51:30,783 com.controller.LoginController - 用户输入的密码：A27A102A904F1421FC046FD3CEDDF759
[INFO ] 2021-07-19 13:26:41,980 com.controller.LoginController - 用户输入的密码：A27A102A904F1421FC046FD3CEDDF759
[INFO ] 2021-07-19 13:53:04,294 com.controller.LoginController - 用户输入的密码：A27A102A904F1421FC046FD3CEDDF759
[INFO ] 2021-07-20 11:28:18,924 com.controller.LoginController - 用户输入的密码：A27A102A904F1421FC046FD3CEDDF759
[INFO ] 2021-07-21 11:48:57,640 com.controller.LoginController - 用户输入的密码：A27A102A904F1421FC046FD3CEDDF759
[INFO ] 2021-07-21 11:55:44,260 com.controller.LoginController - 用户输入的密码：A27A102A904F1421FC046FD3CEDDF759
[INFO ] 2021-07-21 11:55:46,988 com.controller.LoginController - 用户输入的密码：A27A102A904F1421FC046FD3CEDDF759
[INFO ] 2021-07-21 11:55:51,633 com.controller.LoginController - 用户输入的密码：93CA20138CFB4727848E085D8F04B04F
[INFO ] 2021-07-21 11:55:53,477 com.controller.LoginController - 用户输入的密码：5DEB176A0D384D7B7BDF6308E1D05379
[INFO ] 2021-07-21 11:55:56,085 com.controller.LoginController - 用户输入的密码：5DEB176A0D384D7B7BDF6308E1D05379
[INFO ] 2021-07-21 12:02:07,497 com.controller.LoginController - 用户输入的密码：A27A102A904F1421FC046FD3CEDDF759
[INFO ] 2021-07-21 12:02:32,756 com.controller.LoginController - 用户输入的密码：A27A102A904F1421FC046FD3CEDDF759
[INFO ] 2021-07-21 12:02:34,416 com.controller.LoginController - 用户输入的密码：7B2CA54251CEB7DF89E0196E8502E7F8
[INFO ] 2021-07-21 12:03:45,846 com.controller.LoginController - 用户输入的密码：5DEB176A0D384D7B7BDF6308E1D05379
[INFO ] 2021-07-21 13:25:29,324 com.controller.LoginController - 用户输入的密码：A27A102A904F1421FC046FD3CEDDF759
[INFO ] 2021-07-21 13:25:33,345 com.controller.LoginController - 用户输入的密码：5DEB176A0D384D7B7BDF6308E1D05379
[INFO ] 2021-07-23 09:28:33,157 com.controller.LoginController - 用户输入的密码：A27A102A904F1421FC046FD3CEDDF759
[INFO ] 2021-07-23 09:28:39,797 com.controller.LoginController - 用户输入的密码：5DEB176A0D384D7B7BDF6308E1D05379
[INFO ] 2021-07-23 11:51:22,478 com.controller.LoginController - 用户输入的密码：A27A102A904F1421FC046FD3CEDDF759
[INFO ] 2021-07-23 11:51:25,140 com.controller.LoginController - 用户输入的密码：5DEB176A0D384D7B7BDF6308E1D05379
[INFO ] 2021-07-23 12:09:06,985 com.controller.LoginController - 用户输入的密码：A27A102A904F1421FC046FD3CEDDF759
[INFO ] 2021-07-23 12:10:19,961 com.controller.LoginController - 用户输入的密码：5DEB176A0D384D7B7BDF6308E1D05379
[INFO ] 2021-07-23 12:12:06,298 com.controller.LoginController - 用户输入的密码：A27A102A904F1421FC046FD3CEDDF759
[INFO ] 2021-07-23 12:12:09,087 com.controller.LoginController - 用户输入的密码：5DEB176A0D384D7B7BDF6308E1D05379
[INFO ] 2021-07-23 12:14:25,584 com.controller.LoginController - 用户输入的密码：A27A102A904F1421FC046FD3CEDDF759
[INFO ] 2021-07-23 12:14:33,939 com.controller.LoginController - 用户输入的密码：5DEB176A0D384D7B7BDF6308E1D05379
[INFO ] 2021-07-23 12:15:10,520 com.controller.LoginController - 用户输入的密码：A27A102A904F1421FC046FD3CEDDF759
[INFO ] 2021-07-23 13:52:50,139 com.controller.LoginController - 用户输入的密码：A27A102A904F1421FC046FD3CEDDF759
[INFO ] 2021-07-24 09:30:20,258 com.controller.LoginController - 用户输入的密码：A27A102A904F1421FC046FD3CEDDF759
[INFO ] 2021-07-24 17:20:35,036 com.controller.LoginController - 用户输入的密码：A27A102A904F1421FC046FD3CEDDF759
[INFO ] 2021-07-26 09:12:06,722 com.controller.LoginController - 用户输入的密码：A27A102A904F1421FC046FD3CEDDF759
[INFO ] 2021-07-26 09:34:33,899 com.controller.LoginController - 用户输入的密码：A27A102A904F1421FC046FD3CEDDF759
[INFO ] 2021-07-26 09:34:40,876 com.controller.LoginController - 用户输入的密码：A27A102A904F1421FC046FD3CEDDF759
[INFO ] 2021-07-26 10:47:53,442 com.controller.LoginController - 用户输入的密码：A27A102A904F1421FC046FD3CEDDF759
[INFO ] 2021-07-26 11:26:05,632 com.controller.LoginController - 用户输入的密码：A27A102A904F1421FC046FD3CEDDF759
[INFO ] 2021-07-26 11:26:32,353 com.controller.LoginController - 用户输入的密码：A27A102A904F1421FC046FD3CEDDF759
[INFO ] 2021-07-26 11:26:35,205 com.controller.LoginController - 用户输入的密码：A27A102A904F1421FC046FD3CEDDF759
[INFO ] 2021-07-26 11:26:52,309 com.controller.LoginController - 用户输入的密码：A27A102A904F1421FC046FD3CEDDF759
[INFO ] 2021-07-26 16:15:03,557 com.controller.LoginController - 用户输入的密码：A27A102A904F1421FC046FD3CEDDF759
[INFO ] 2021-07-26 16:24:04,703 com.controller.LoginController - 用户输入的密码：A27A102A904F1421FC046FD3CEDDF759
[INFO ] 2021-07-26 16:24:10,894 com.controller.LoginController - 用户输入的密码：A27A102A904F1421FC046FD3CEDDF759
[INFO ] 2021-07-26 16:24:35,897 com.controller.LoginController - 用户输入的密码：A27A102A904F1421FC046FD3CEDDF759
[INFO ] 2021-07-26 16:30:34,457 com.controller.LoginController - 用户输入的密码：A27A102A904F1421FC046FD3CEDDF759
[INFO ] 2021-07-26 17:44:13,626 com.controller.LoginController - 用户输入的密码：A27A102A904F1421FC046FD3CEDDF759
